[root@s63 spdk]# make
ninja: Entering directory `/home/xb/project/spdk/spdk/dpdk/build-tmp'
[69/69] Linking target lib/librte_vhost.so.23.1
  CC lib/log/log.o
  CC lib/log/log_flags.o
  CC lib/log/log_deprecated.o
  LIB libspdk_log.a
  CC lib/util/base64.o
  CC lib/util/bit_array.o
  CC lib/util/cpuset.o
  CC lib/util/crc16.o
  CC lib/util/crc32.o
  CC lib/util/crc32c.o
  CC lib/util/crc32_ieee.o
  CC lib/util/dif.o
  CC lib/util/fd.o
  CC lib/util/file.o
  CC lib/util/hexlify.o
  CC lib/util/iov.o
  CC lib/util/math.o
  CC lib/util/pipe.o
  CC lib/util/strerror_tls.o
  CC lib/util/string.o
  CC lib/util/uuid.o
  CC lib/util/fd_group.o
  CC lib/util/xor.o
  CC lib/util/zipf.o
  LIB libspdk_util.a
  CC lib/json/json_parse.o
  CC lib/json/json_util.o
  CC lib/json/json_write.o
  LIB libspdk_json.a
  CC lib/jsonrpc/jsonrpc_server.o
  CC lib/jsonrpc/jsonrpc_server_tcp.o
  CC lib/jsonrpc/jsonrpc_client.o
  CC lib/jsonrpc/jsonrpc_client_tcp.o
  LIB libspdk_jsonrpc.a
  CC lib/rpc/rpc.o
  LIB libspdk_rpc.a
  CC lib/trace/trace.o
  CC lib/trace/trace_flags.o
  CC lib/trace/trace_rpc.o
  LIB libspdk_trace.a
  CC lib/thread/thread.o
  CC lib/thread/iobuf.o
  LIB libspdk_thread.a
  CC lib/dma/dma.o
  LIB libspdk_dma.a
  CC lib/accel/accel.o
  CC lib/accel/accel_rpc.o
  CC lib/accel/accel_sw.o
  LIB libspdk_accel.a
  CC lib/notify/notify.o
  CC lib/notify/notify_rpc.o
  LIB libspdk_notify.a
  CC lib/bdev/bdev.o
  CC lib/bdev/bdev_rpc.o
  CC lib/bdev/bdev_zone.o
  CC lib/bdev/part.o
  CC lib/bdev/scsi_nvme.o
  LIB libspdk_bdev.a
  CC lib/blob/blobstore.o
  CC lib/blob/request.o
  CC lib/blob/zeroes.o
  CC lib/blob/blob_bs_dev.o
  LIB libspdk_blob.a
  CC lib/blobfs/blobfs.o
  CC lib/blobfs/tree.o
  LIB libspdk_blobfs.a
  CC lib/conf/conf.o
  LIB libspdk_conf.a
  CC lib/init/json_config.o
  CC lib/init/subsystem.o
  CC lib/init/subsystem_rpc.o
  CC lib/init/rpc.o
  LIB libspdk_init.a
  CC lib/event/app.o
  CC lib/event/reactor.o
  CC lib/event/log_rpc.o
  CC lib/event/app_rpc.o
  CC lib/event/scheduler_static.o
  LIB libspdk_event.a
  CC lib/lvol/lvol.o
  LIB libspdk_lvol.a
  CC lib/sock/sock.o
  CC lib/sock/sock_rpc.o
  LIB libspdk_sock.a
  CC lib/vfio_user/host/vfio_user_pci.o
  CC lib/vfio_user/host/vfio_user.o
  LIB libspdk_vfio_user.a
  CC lib/rdma/common.o
  CC lib/rdma/rdma_verbs.o
  LIB libspdk_rdma.a
  CC lib/nvme/nvme_ctrlr_cmd.o
  CC lib/nvme/nvme_ctrlr.o
  CC lib/nvme/nvme_fabric.o
  CC lib/nvme/nvme_ns_cmd.o
  CC lib/nvme/nvme_ns.o
  CC lib/nvme/nvme_pcie_common.o
  CC lib/nvme/nvme_pcie.o
  CC lib/nvme/nvme_qpair.o
  CC lib/nvme/nvme.o
  CC lib/nvme/nvme_quirks.o
  CC lib/nvme/nvme_transport.o
  CC lib/nvme/nvme_discovery.o
  CC lib/nvme/nvme_ctrlr_ocssd_cmd.o
  CC lib/nvme/nvme_ns_ocssd_cmd.o
  CC lib/nvme/nvme_tcp.o
  CC lib/nvme/nvme_opal.o
  CC lib/nvme/nvme_io_msg.o
  CC lib/nvme/nvme_poll_group.o
  CC lib/nvme/nvme_zns.o
  CC lib/nvme/nvme_cuse.o
  CC lib/nvme/nvme_vfio_user.o
  CC lib/nvme/nvme_rdma.o
  LIB libspdk_nvme.a
  CC lib/vmd/vmd.o
  CC lib/vmd/led.o
  LIB libspdk_vmd.a
  CC lib/nvmf/ctrlr.o
  CC lib/nvmf/ctrlr_discovery.o
  CC lib/nvmf/ctrlr_bdev.o
ctrlr_bdev.c: In function ‘nvmf_bdev_ctrlr_unmap’:
ctrlr_bdev.c:616:10: warning: missing braces around initializer [-Wmissing-braces]
   struct spdk_nvme_dsm_range dsm_range = { 0 };
          ^
ctrlr_bdev.c:616:10: warning: (near initialization for ‘dsm_range.attributes’) [-Wmissing-braces]
  CC lib/nvmf/subsystem.o
subsystem.c: In function ‘nvmf_ns_reservation_report’:
subsystem.c:3024:9: warning: missing braces around initializer [-Wmissing-braces]
  struct spdk_nvme_reservation_status_extended_data status_data = { 0 };
         ^
subsystem.c:3024:9: warning: (near initialization for ‘status_data.data’) [-Wmissing-braces]
  CC lib/nvmf/nvmf.o
  CC lib/nvmf/nvmf_rpc.o
  CC lib/nvmf/transport.o
  CC lib/nvmf/tcp.o
  CC lib/nvmf/rdma.o
  LIB libspdk_nvmf.a
  CC lib/scsi/dev.o
  CC lib/scsi/lun.o
  CC lib/scsi/port.o
  CC lib/scsi/scsi.o
  CC lib/scsi/scsi_bdev.o
  CC lib/scsi/scsi_pr.o
  CC lib/scsi/scsi_rpc.o
  CC lib/scsi/task.o
  LIB libspdk_scsi.a
  CC lib/ioat/ioat.o
  LIB libspdk_ioat.a
  CC lib/ut_mock/mock.o
  LIB libspdk_ut_mock.a
  CC lib/iscsi/conn.o
  CC lib/iscsi/init_grp.o
  CC lib/iscsi/iscsi.o
  CC lib/iscsi/md5.o
  CC lib/iscsi/param.o
  CC lib/iscsi/portal_grp.o
  CC lib/iscsi/tgt_node.o
  CC lib/iscsi/iscsi_subsystem.o
  CC lib/iscsi/iscsi_rpc.o
  CC lib/iscsi/task.o
  LIB libspdk_iscsi.a
  CXX lib/trace_parser/trace.o
  LIB libspdk_trace_parser.a
  CC lib/nbd/nbd.o
  CC lib/nbd/nbd_rpc.o
  LIB libspdk_nbd.a
  CC lib/ftl/ftl_core.o
  CC lib/ftl/ftl_init.o
  CC lib/ftl/ftl_layout.o
  CC lib/ftl/ftl_debug.o
  CC lib/ftl/ftl_io.o
  CC lib/ftl/ftl_sb.o
  CC lib/ftl/ftl_l2p.o
  CC lib/ftl/ftl_l2p_flat.o
  CC lib/ftl/ftl_nv_cache.o
  CC lib/ftl/ftl_band.o
  CC lib/ftl/ftl_band_ops.o
  CC lib/ftl/ftl_writer.o
  CC lib/ftl/ftl_rq.o
  CC lib/ftl/ftl_reloc.o
  CC lib/ftl/ftl_l2p_cache.o
  CC lib/ftl/ftl_p2l.o
  CC lib/ftl/ftl_trace.o
  CC lib/ftl/mngt/ftl_mngt.o
In file included from ./ftl_core.h:27:0,
                 from mngt/ftl_mngt.c:11:
mngt/ftl_mngt.c: In function ‘finish_msg’:
./utils/ftl_log.h:14:10: warning: the comparison will always evaluate as ‘true’ for the address of ‘tmpdev’ will never be NULL [-Waddress]
    (dev) != NULL ? (dev)->conf.name : "N/A", ## __VA_ARGS__)
          ^
./utils/ftl_log.h:23:2: note: in expansion of macro ‘FTL_LOG_COMMON’
  FTL_LOG_COMMON(NOTICE, dev, format, ## __VA_ARGS__)
  ^
mngt/ftl_mngt.c:434:3: note: in expansion of macro ‘FTL_NOTICELOG’
   FTL_NOTICELOG(&tmpdev, "Management process finished, name '%s', duration = %.3f ms, result %d\n",
   ^
  CC lib/ftl/mngt/ftl_mngt_bdev.o
  CC lib/ftl/mngt/ftl_mngt_shutdown.o
  CC lib/ftl/mngt/ftl_mngt_startup.o
  CC lib/ftl/mngt/ftl_mngt_md.o
  CC lib/ftl/mngt/ftl_mngt_misc.o
  CC lib/ftl/mngt/ftl_mngt_ioch.o
  CC lib/ftl/mngt/ftl_mngt_l2p.o
  CC lib/ftl/mngt/ftl_mngt_band.o
  CC lib/ftl/mngt/ftl_mngt_self_test.o
  CC lib/ftl/mngt/ftl_mngt_p2l.o
  CC lib/ftl/mngt/ftl_mngt_recovery.o
  CC lib/ftl/mngt/ftl_mngt_upgrade.o
  CC lib/ftl/utils/ftl_conf.o
  CC lib/ftl/utils/ftl_md.o
utils/ftl_md.c: In function ‘ftl_md_unlink’:
utils/ftl_md.c:321:9: warning: missing braces around initializer [-Wmissing-braces]
  struct ftl_md md = { 0 };
         ^
utils/ftl_md.c:321:9: warning: (near initialization for ‘md.owner’) [-Wmissing-braces]
utils/ftl_md.c: In function ‘ftl_md_vss_buf_alloc’:
utils/ftl_md.c:396:8: warning: missing braces around initializer [-Wmissing-braces]
  union ftl_md_vss vss_buf = {0};
        ^
utils/ftl_md.c:396:8: warning: (near initialization for ‘vss_buf.version’) [-Wmissing-braces]
utils/ftl_md.c: In function ‘pattern_prepare’:
utils/ftl_md.c:1043:10: warning: missing braces around initializer [-Wmissing-braces]
    union ftl_md_vss vss = {0};
          ^
utils/ftl_md.c:1043:10: warning: (near initialization for ‘vss.version’) [-Wmissing-braces]
utils/ftl_md.c: In function ‘ftl_md_set_region’:
utils/ftl_md.c:1114:9: warning: missing braces around initializer [-Wmissing-braces]
   union ftl_md_vss vss = {0};
         ^
utils/ftl_md.c:1114:9: warning: (near initialization for ‘vss.version’) [-Wmissing-braces]
  CC lib/ftl/utils/ftl_mempool.o
  CC lib/ftl/utils/ftl_bitmap.o
  CC lib/ftl/upgrade/ftl_layout_upgrade.o
  CC lib/ftl/upgrade/ftl_sb_upgrade.o
  CC lib/ftl/upgrade/ftl_p2l_upgrade.o
  CC lib/ftl/upgrade/ftl_band_upgrade.o
  CC lib/ftl/upgrade/ftl_chunk_upgrade.o
  LIB libspdk_ftl.a
  CC lib/vhost/vhost.o
  CC lib/vhost/vhost_rpc.o
  CC lib/vhost/vhost_scsi.o
  CC lib/vhost/vhost_blk.o
  CC lib/vhost/rte_vhost_user.o
  LIB libspdk_vhost.a
  CC lib/virtio/virtio.o
  CC lib/virtio/virtio_vhost_user.o
  CC lib/virtio/virtio_vfio_user.o
  CC lib/virtio/virtio_pci.o
  LIB libspdk_virtio.a
  CC lib/env_dpdk/env.o
  CC lib/env_dpdk/memory.o
  CC lib/env_dpdk/pci.o
  CC lib/env_dpdk/init.o
  CC lib/env_dpdk/threads.o
  CC lib/env_dpdk/pci_ioat.o
  CC lib/env_dpdk/pci_virtio.o
  CC lib/env_dpdk/pci_vmd.o
  CC lib/env_dpdk/pci_idxd.o
  CC lib/env_dpdk/pci_event.o
  CC lib/env_dpdk/sigbus_handler.o
  CC lib/env_dpdk/pci_dpdk.o
  CC lib/env_dpdk/pci_dpdk_2207.o
  CC lib/env_dpdk/pci_dpdk_2211.o
  LIB libspdk_env_dpdk.a
  CC module/blob/bdev/blob_bdev.o
  LIB libspdk_blob_bdev.a
  CC module/bdev/delay/vbdev_delay.o
  CC module/bdev/delay/vbdev_delay_rpc.o
  LIB libspdk_bdev_delay.a
  CC module/bdev/error/vbdev_error.o
  CC module/bdev/error/vbdev_error_rpc.o
  LIB libspdk_bdev_error.a
  CC module/bdev/gpt/gpt.o
  CC module/bdev/gpt/vbdev_gpt.o
  LIB libspdk_bdev_gpt.a
  CC module/bdev/lvol/vbdev_lvol.o
  CC module/bdev/lvol/vbdev_lvol_rpc.o
  LIB libspdk_bdev_lvol.a
  CC module/bdev/malloc/bdev_malloc.o
  CC module/bdev/malloc/bdev_malloc_rpc.o
  LIB libspdk_bdev_malloc.a
  CC module/bdev/null/bdev_null.o
  CC module/bdev/null/bdev_null_rpc.o
  LIB libspdk_bdev_null.a
  CC module/bdev/nvme/bdev_nvme.o
  CC module/bdev/nvme/bdev_nvme_rpc.o
  CC module/bdev/nvme/nvme_rpc.o
  CC module/bdev/nvme/bdev_mdns_client.o
  CC module/bdev/nvme/vbdev_opal.o
  CC module/bdev/nvme/vbdev_opal_rpc.o
  LIB libspdk_bdev_nvme.a
  CC module/bdev/passthru/vbdev_passthru.o
  CC module/bdev/passthru/vbdev_passthru_rpc.o
  LIB libspdk_bdev_passthru.a
  CC module/bdev/raid/bdev_raid.o
  CC module/bdev/raid/bdev_raid_rpc.o
  CC module/bdev/raid/raid0.o
  CC module/bdev/raid/raid1.o
  CC module/bdev/raid/concat.o
  LIB libspdk_bdev_raid.a
  CC module/bdev/split/vbdev_split.o
  CC module/bdev/split/vbdev_split_rpc.o
  LIB libspdk_bdev_split.a
  CC module/bdev/zone_block/vbdev_zone_block.o
  CC module/bdev/zone_block/vbdev_zone_block_rpc.o
  LIB libspdk_bdev_zone_block.a
  CC module/bdev/aio/bdev_aio.o
  CC module/bdev/aio/bdev_aio_rpc.o
  LIB libspdk_bdev_aio.a
  CC module/bdev/ftl/bdev_ftl.o
  CC module/bdev/ftl/bdev_ftl_rpc.o
  LIB libspdk_bdev_ftl.a
  CC module/bdev/virtio/bdev_virtio_scsi.o
  CC module/bdev/virtio/bdev_virtio_blk.o
  CC module/bdev/virtio/bdev_virtio_rpc.o
  LIB libspdk_bdev_virtio.a
  CC module/blobfs/bdev/blobfs_bdev.o
  CC module/blobfs/bdev/blobfs_bdev_rpc.o
  LIB libspdk_blobfs_bdev.a
  CC module/accel/ioat/accel_ioat.o
  CC module/accel/ioat/accel_ioat_rpc.o
  LIB libspdk_accel_ioat.a
  CC module/event/subsystems/iobuf/iobuf.o
  CC module/event/subsystems/iobuf/iobuf_rpc.o
  LIB libspdk_event_iobuf.a
  CC module/event/subsystems/accel/accel.o
  LIB libspdk_event_accel.a
  CC module/event/subsystems/vmd/vmd.o
  CC module/event/subsystems/vmd/vmd_rpc.o
  LIB libspdk_event_vmd.a
  CC module/event/subsystems/sock/sock.o
  LIB libspdk_event_sock.a
  CC module/event/subsystems/bdev/bdev.o
  LIB libspdk_event_bdev.a
  CC module/event/subsystems/scheduler/scheduler.o
  LIB libspdk_event_scheduler.a
  CC module/event/subsystems/scsi/scsi.o
  LIB libspdk_event_scsi.a
  CC module/event/subsystems/iscsi/iscsi.o
  LIB libspdk_event_iscsi.a
  CC module/event/subsystems/nvmf/nvmf_rpc.o
  CC module/event/subsystems/nvmf/nvmf_tgt.o
  LIB libspdk_event_nvmf.a
  CC module/event/subsystems/nbd/nbd.o
  LIB libspdk_event_nbd.a
  CC module/event/subsystems/vhost_blk/vhost_blk.o
  LIB libspdk_event_vhost_blk.a
  CC module/event/subsystems/vhost_scsi/vhost_scsi.o
  LIB libspdk_event_vhost_scsi.a
  CC module/sock/posix/posix.o
  LIB libspdk_sock_posix.a
  CC module/scheduler/dynamic/scheduler_dynamic.o
  LIB libspdk_scheduler_dynamic.a
  CC module/scheduler/dpdk_governor/dpdk_governor.o
  LIB libspdk_scheduler_dpdk_governor.a
  CC module/scheduler/gscheduler/gscheduler.o
  LIB libspdk_scheduler_gscheduler.a
  CC module/env_dpdk/env_dpdk_rpc.o
  LIB libspdk_env_dpdk_rpc.a
  CC examples/accel/perf/accel_perf.o
  LINK accel_perf
  CC examples/bdev/hello_world/hello_bdev.o
  LINK hello_bdev
  CC examples/bdev/bdevperf/bdevperf.o
  LINK bdevperf
  CC examples/blob/hello_world/hello_blob.o
  LINK hello_blob
  CC examples/blob/cli/blobcli.o
  LINK blobcli
  CC examples/ioat/perf/perf.o
  LINK ioat_perf
  CC examples/ioat/verify/verify.o
  LINK verify
  CC examples/nvme/hello_world/hello_world.o
  LINK hello_world
  CC examples/nvme/identify/identify.o
  LINK identify
  CC examples/nvme/perf/perf.o
  LINK perf
  CC examples/nvme/reconnect/reconnect.o
  LINK reconnect
  CC examples/nvme/nvme_manage/nvme_manage.o
  LINK nvme_manage
  CC examples/nvme/arbitration/arbitration.o
  LINK arbitration
  CC examples/nvme/hotplug/hotplug.o
  LINK hotplug
  CC examples/nvme/cmb_copy/cmb_copy.o
  LINK cmb_copy
  CC examples/nvme/abort/abort.o
  LINK abort
  CC examples/nvme/pmr_persistence/pmr_persistence.o
  LINK pmr_persistence
  CC examples/nvme/discovery_aer/discovery_aer.o
  LINK discovery_aer
  CC examples/sock/hello_world/hello_sock.o
  LINK hello_sock
  CC examples/vmd/lsvmd/lsvmd.o
  LINK lsvmd
  CC examples/vmd/led/led.o
  LINK led
  CC examples/nvmf/nvmf/nvmf.o
  LINK nvmf
  CC examples/util/zipf/zipf.o
  LINK zipf
  CC examples/interrupt_tgt/interrupt_tgt.o
  LINK interrupt_tgt
  CXX app/trace/trace.o
  LINK spdk_trace
  CC app/trace_record/trace_record.o
  LINK spdk_trace_record
  CC app/nvmf_tgt/nvmf_main.o
  LINK nvmf_tgt
  CC app/iscsi_tgt/iscsi_tgt.o
  LINK iscsi_tgt
  CC app/spdk_tgt/spdk_tgt.o
  LINK spdk_tgt
  CC app/spdk_lspci/spdk_lspci.o
  LINK spdk_lspci
  CC app/spdk_top/spdk_top.o
  LINK spdk_top
  CC app/vhost/vhost.o
  LINK vhost
  CC app/spdk_dd/spdk_dd.o
  LINK spdk_dd
  CC test/app/bdev_svc/bdev_svc.o
  LINK bdev_svc
  CC test/app/fuzz/nvme_fuzz/nvme_fuzz.o
  LINK nvme_fuzz
  CC test/app/fuzz/iscsi_fuzz/iscsi_fuzz.o
  LINK iscsi_fuzz
  CC test/app/fuzz/vhost_fuzz/vhost_fuzz_rpc.o
  CC test/app/fuzz/vhost_fuzz/vhost_fuzz.o
  LINK vhost_fuzz
  CC test/app/histogram_perf/histogram_perf.o
  LINK histogram_perf
  CC test/app/jsoncat/jsoncat.o
  LINK jsoncat
  CC test/app/stub/stub.o
  LINK stub
  CC test/bdev/bdevio/bdevio.o
  LINK bdevio
  CC test/blobfs/mkfs/mkfs.o
  LINK mkfs
  TEST_HEADER include/spdk/rpc.h
  TEST_HEADER include/spdk/vfio_user_spec.h
  TEST_HEADER include/spdk/accel_module.h
  TEST_HEADER include/spdk/bit_pool.h
  TEST_HEADER include/spdk/ioat.h
  TEST_HEADER include/spdk/blobfs.h
  TEST_HEADER include/spdk/pipe.h
  TEST_HEADER include/spdk/pci_ids.h
  TEST_HEADER include/spdk/version.h
  TEST_HEADER include/spdk/trace_parser.h
  TEST_HEADER include/spdk/opal_spec.h
  TEST_HEADER include/spdk/uuid.h
  TEST_HEADER include/spdk/bdev.h
  TEST_HEADER include/spdk/hexlify.h
  TEST_HEADER include/spdk/likely.h
  TEST_HEADER include/spdk/vhost.h
  TEST_HEADER include/spdk/log.h
  TEST_HEADER include/spdk/vfio_user_pci.h
  TEST_HEADER include/spdk/dma.h
  TEST_HEADER include/spdk/nbd.h
  TEST_HEADER include/spdk/conf.h
  TEST_HEADER include/spdk/nvme_zns.h
  TEST_HEADER include/spdk/env_dpdk.h
  TEST_HEADER include/spdk/init.h
  TEST_HEADER include/spdk/fd_group.h
  TEST_HEADER include/spdk/bdev_module.h
  TEST_HEADER include/spdk/opal.h
  TEST_HEADER include/spdk/event.h
  TEST_HEADER include/spdk/base64.h
  TEST_HEADER include/spdk/nvmf.h
  TEST_HEADER include/spdk/nvmf_spec.h
  TEST_HEADER include/spdk/blobfs_bdev.h
  TEST_HEADER include/spdk/fd.h
  TEST_HEADER include/spdk/barrier.h
  TEST_HEADER include/spdk/nvmf_fc_spec.h
  TEST_HEADER include/spdk/scsi_spec.h
  TEST_HEADER include/spdk/scheduler.h
  TEST_HEADER include/spdk/dif.h
  TEST_HEADER include/spdk/blob.h
  TEST_HEADER include/spdk/cpuset.h
  TEST_HEADER include/spdk/thread.h
  TEST_HEADER include/spdk/tree.h
  TEST_HEADER include/spdk/xor.h
  TEST_HEADER include/spdk/assert.h
  TEST_HEADER include/spdk/file.h
  TEST_HEADER include/spdk/endian.h
  TEST_HEADER include/spdk/notify.h
  TEST_HEADER include/spdk/util.h
  TEST_HEADER include/spdk/env.h
  TEST_HEADER include/spdk/sock.h
  TEST_HEADER include/spdk/nvme_ocssd_spec.h
  TEST_HEADER include/spdk/config.h
  TEST_HEADER include/spdk/histogram_data.h
  TEST_HEADER include/spdk/nvme_intel.h
  TEST_HEADER include/spdk/idxd_spec.h
  TEST_HEADER include/spdk/crc16.h
  TEST_HEADER include/spdk/bdev_zone.h
  TEST_HEADER include/spdk/stdinc.h
  TEST_HEADER include/spdk/vmd.h
  TEST_HEADER include/spdk/scsi.h
  TEST_HEADER include/spdk/jsonrpc.h
  TEST_HEADER include/spdk/zipf.h
  TEST_HEADER include/spdk/blob_bdev.h
  TEST_HEADER include/spdk/crc32.h
  TEST_HEADER include/spdk/nvmf_transport.h
  TEST_HEADER include/spdk/memory.h
  TEST_HEADER include/spdk/idxd.h
  TEST_HEADER include/spdk/trace.h
  TEST_HEADER include/spdk/nvme.h
  TEST_HEADER include/spdk/iscsi_spec.h
  TEST_HEADER include/spdk/queue.h
  TEST_HEADER include/spdk/nvmf_cmd.h
  TEST_HEADER include/spdk/lvol.h
  TEST_HEADER include/spdk/ftl.h
  TEST_HEADER include/spdk/ioat_spec.h
  TEST_HEADER include/spdk/accel.h
  TEST_HEADER include/spdk/ublk.h
  TEST_HEADER include/spdk/bit_array.h
  TEST_HEADER include/spdk/nvme_spec.h
  TEST_HEADER include/spdk/string.h
  TEST_HEADER include/spdk/gpt_spec.h
  TEST_HEADER include/spdk/nvme_ocssd.h
  TEST_HEADER include/spdk/json.h
  TEST_HEADER include/spdk/reduce.h
  TEST_HEADER include/spdk/mmio.h
  CXX test/cpp_headers/rpc.o
  CXX test/cpp_headers/vfio_user_spec.o
  CXX test/cpp_headers/accel_module.o
  CXX test/cpp_headers/bit_pool.o
  CXX test/cpp_headers/ioat.o
  CXX test/cpp_headers/blobfs.o
  CXX test/cpp_headers/pipe.o
  CXX test/cpp_headers/pci_ids.o
  CXX test/cpp_headers/version.o
  CXX test/cpp_headers/trace_parser.o
  CXX test/cpp_headers/opal_spec.o
  CXX test/cpp_headers/uuid.o
  CXX test/cpp_headers/bdev.o
  CXX test/cpp_headers/hexlify.o
  CXX test/cpp_headers/likely.o
  CXX test/cpp_headers/vhost.o
  CXX test/cpp_headers/log.o
  CXX test/cpp_headers/vfio_user_pci.o
  CXX test/cpp_headers/dma.o
  CXX test/cpp_headers/nbd.o
  CXX test/cpp_headers/conf.o
  CXX test/cpp_headers/nvme_zns.o
  CXX test/cpp_headers/env_dpdk.o
  CXX test/cpp_headers/init.o
  CXX test/cpp_headers/fd_group.o
  CXX test/cpp_headers/bdev_module.o
  CXX test/cpp_headers/opal.o
  CXX test/cpp_headers/event.o
  CXX test/cpp_headers/base64.o
  CXX test/cpp_headers/nvmf.o
  CXX test/cpp_headers/nvmf_spec.o
  CXX test/cpp_headers/blobfs_bdev.o
  CXX test/cpp_headers/fd.o
  CXX test/cpp_headers/barrier.o
  CXX test/cpp_headers/nvmf_fc_spec.o
  CXX test/cpp_headers/scsi_spec.o
  CXX test/cpp_headers/scheduler.o
  CXX test/cpp_headers/dif.o
  CXX test/cpp_headers/blob.o
  CXX test/cpp_headers/cpuset.o
  CXX test/cpp_headers/thread.o
  CXX test/cpp_headers/tree.o
  CXX test/cpp_headers/xor.o
  CXX test/cpp_headers/assert.o
  CXX test/cpp_headers/file.o
  CXX test/cpp_headers/endian.o
  CXX test/cpp_headers/notify.o
  CXX test/cpp_headers/util.o
  CXX test/cpp_headers/env.o
  CXX test/cpp_headers/sock.o
  CXX test/cpp_headers/nvme_ocssd_spec.o
  CXX test/cpp_headers/config.o
  CXX test/cpp_headers/histogram_data.o
  CXX test/cpp_headers/nvme_intel.o
  CXX test/cpp_headers/idxd_spec.o
  CXX test/cpp_headers/crc16.o
  CXX test/cpp_headers/bdev_zone.o
  CXX test/cpp_headers/stdinc.o
  CXX test/cpp_headers/vmd.o
  CXX test/cpp_headers/scsi.o
  CXX test/cpp_headers/jsonrpc.o
  CXX test/cpp_headers/zipf.o
  CXX test/cpp_headers/blob_bdev.o
  CXX test/cpp_headers/crc32.o
  CXX test/cpp_headers/nvmf_transport.o
  CXX test/cpp_headers/memory.o
  CXX test/cpp_headers/idxd.o
  CXX test/cpp_headers/trace.o
  CXX test/cpp_headers/nvme.o
  CXX test/cpp_headers/iscsi_spec.o
  CXX test/cpp_headers/queue.o
  CXX test/cpp_headers/nvmf_cmd.o
  CXX test/cpp_headers/lvol.o
  CXX test/cpp_headers/ftl.o
  CXX test/cpp_headers/ioat_spec.o
  CXX test/cpp_headers/accel.o
  CXX test/cpp_headers/ublk.o
  CXX test/cpp_headers/bit_array.o
  CXX test/cpp_headers/nvme_spec.o
  CXX test/cpp_headers/string.o
  CXX test/cpp_headers/gpt_spec.o
  CXX test/cpp_headers/nvme_ocssd.o
  CXX test/cpp_headers/json.o
  CXX test/cpp_headers/reduce.o
  CXX test/cpp_headers/mmio.o
  CC test/dma/test_dma/test_dma.o
  LINK test_dma
  CC test/env/mem_callbacks/mem_callbacks.o
  LINK mem_callbacks
  CC test/env/vtophys/vtophys.o
  LINK vtophys
  CC test/env/env_dpdk_post_init/env_dpdk_post_init.o
  LINK env_dpdk_post_init
  CC test/env/memory/memory_ut.o
  LINK memory_ut
  CC test/env/pci/pci_ut.o
  LINK pci_ut
  CC test/event/event_perf/event_perf.o
  LINK event_perf
  CC test/event/reactor/reactor.o
  LINK reactor
  CC test/event/reactor_perf/reactor_perf.o
  LINK reactor_perf
  CC test/event/app_repeat/app_repeat.o
  LINK app_repeat
  CC test/event/scheduler/scheduler.o
  LINK scheduler
  CC test/lvol/esnap/esnap.o
esnap.c: In function ‘esnap_clone_io’:
esnap.c:241:9: warning: missing braces around initializer [-Wmissing-braces]
  struct op_with_handle_data owh_data = { 0 };
         ^
esnap.c:241:9: warning: (near initialization for ‘owh_data.u’) [-Wmissing-braces]
esnap.c: In function ‘esnap_hotplug’:
esnap.c:366:9: warning: missing braces around initializer [-Wmissing-braces]
  struct op_with_handle_data owh_data = { 0 };
         ^
esnap.c:366:9: warning: (near initialization for ‘owh_data.u’) [-Wmissing-braces]
esnap.c: In function ‘esnap_remove_degraded’:
esnap.c:466:9: warning: missing braces around initializer [-Wmissing-braces]
  struct op_with_handle_data owh_data = { 0 };
         ^
esnap.c:466:9: warning: (near initialization for ‘owh_data.u’) [-Wmissing-braces]
  LINK esnap
  CC test/nvme/aer/aer.o
  LINK aer
  CC test/nvme/reset/reset.o
  LINK reset
  CC test/nvme/sgl/sgl.o
  LINK sgl
  CC test/nvme/e2edp/nvme_dp.o
  LINK nvme_dp
  CC test/nvme/overhead/overhead.o
  LINK overhead
  CC test/nvme/err_injection/err_injection.o
  LINK err_injection
  CC test/nvme/startup/startup.o
  LINK startup
  CC test/nvme/reserve/reserve.o
  LINK reserve
  CC test/nvme/simple_copy/simple_copy.o
  LINK simple_copy
  CC test/nvme/connect_stress/connect_stress.o
  LINK connect_stress
  CC test/nvme/boot_partition/boot_partition.o
  LINK boot_partition
  CC test/nvme/compliance/nvme_compliance.o
  LINK nvme_compliance
  CC test/nvme/fused_ordering/fused_ordering.o
  LINK fused_ordering
  CC test/nvme/doorbell_aers/doorbell_aers.o
  LINK doorbell_aers
  CC test/nvme/fdp/fdp.o
  LINK fdp
  CC test/rpc_client/rpc_client_test.o
  LINK rpc_client_test
  CC test/thread/poller_perf/poller_perf.o
  LINK poller_perf
  CC test/thread/lock/spdk_lock.o
  LINK spdk_lock
[root@s63 spdk]# ./build/bin/nvmf_tgt -L all




[root@s63 spdk]# clear;make clean;make
make[2]: Nothing to be done for `clean'.
make[5]: *** No rule to make target `clean'.  Stop.
make[4]: *** [ctrlr.c] Error 2
make[3]: *** [nvmf] Error 2
make[2]: *** [lib] Error 2
make[1]: *** [unit] Error 2
make: *** [test] Error 2
The Meson build system
Version: 0.61.5
Source dir: /home/xb/project/spdk/spdk/dpdk
Build dir: /home/xb/project/spdk/spdk/dpdk/build-tmp
Build type: native build
Program cat found: YES (/bin/cat)
Project name: DPDK
Project version: 23.03.0
C compiler for the host machine: cc (gcc 8.3.0 "cc (GCC) 8.3.0")
C linker for the host machine: cc ld.bfd 2.27-44
Host machine cpu family: x86_64
Host machine cpu: x86_64
Message: ## Building in Developer Mode ##
Program pkg-config found: YES (/bin/pkg-config)
Program check-symbols.sh found: YES (/home/xb/project/spdk/spdk/dpdk/buildtools/check-symbols.sh)
Program options-ibverbs-static.sh found: YES (/home/xb/project/spdk/spdk/dpdk/buildtools/options-ibverbs-static.sh)
Program objdump found: YES (/bin/objdump)
Program python3 found: YES (/usr/bin/python3)
Program cat found: YES (/bin/cat)
Checking for size of "void *" : 8
Checking for size of "void *" : 8
Library m found: YES
Library numa found: YES
Has header "numaif.h" : YES 
Library fdt found: NO
Library execinfo found: NO
Has header "execinfo.h" : YES 
Found pkg-config: /bin/pkg-config (0.27.1)
Run-time dependency libarchive found: NO (tried pkgconfig)
Run-time dependency libbsd found: NO (tried pkgconfig)
Run-time dependency jansson found: NO (tried pkgconfig)
Run-time dependency openssl found: YES 1.0.2k
Run-time dependency libpcap found: NO (tried pkgconfig)
Library pcap found: NO
Compiler for C supports arguments -Wcast-qual: YES 
Compiler for C supports arguments -Wdeprecated: YES 
Compiler for C supports arguments -Wformat: YES 
Compiler for C supports arguments -Wformat-nonliteral: NO 
Compiler for C supports arguments -Wformat-security: NO 
Compiler for C supports arguments -Wmissing-declarations: YES 
Compiler for C supports arguments -Wmissing-prototypes: YES 
Compiler for C supports arguments -Wnested-externs: YES 
Compiler for C supports arguments -Wold-style-definition: YES 
Compiler for C supports arguments -Wpointer-arith: YES 
Compiler for C supports arguments -Wsign-compare: YES 
Compiler for C supports arguments -Wstrict-prototypes: YES 
Compiler for C supports arguments -Wundef: YES 
Compiler for C supports arguments -Wwrite-strings: YES 
Compiler for C supports arguments -Wno-address-of-packed-member: NO 
Compiler for C supports arguments -Wno-packed-not-aligned: YES 
Compiler for C supports arguments -Wno-missing-field-initializers: YES 
Compiler for C supports arguments -mavx512f: YES 
Checking if "AVX512 checking" compiles: YES 
Fetching value of define "__SSE4_2__" : 1 
Fetching value of define "__AES__" : 1 
Fetching value of define "__AVX__" : 1 
Fetching value of define "__AVX2__" : 1 
Fetching value of define "__AVX512BW__" : 1 
Fetching value of define "__AVX512CD__" : 1 
Fetching value of define "__AVX512DQ__" : 1 
Fetching value of define "__AVX512F__" : 1 
Fetching value of define "__AVX512VL__" : 1 
Fetching value of define "__PCLMUL__" : 1 
Fetching value of define "__RDRND__" : 1 
Fetching value of define "__RDSEED__" : 1 
Fetching value of define "__VPCLMULQDQ__" : 1 
Compiler for C supports arguments -ffat-lto-objects: YES 
Compiler for C supports arguments -Wno-format-truncation: YES 
Message: lib/kvargs: Defining dependency "kvargs"
Message: lib/telemetry: Defining dependency "telemetry"
Checking for function "getentropy" : NO 
Message: lib/eal: Defining dependency "eal"
Message: lib/ring: Defining dependency "ring"
Message: lib/rcu: Defining dependency "rcu"
Message: lib/mempool: Defining dependency "mempool"
Message: lib/mbuf: Defining dependency "mbuf"
Fetching value of define "__PCLMUL__" : 1 (cached)
Fetching value of define "__AVX512F__" : 1 (cached)
Fetching value of define "__AVX512BW__" : 1 (cached)
Fetching value of define "__AVX512DQ__" : 1 (cached)
Fetching value of define "__AVX512VL__" : 1 (cached)
Fetching value of define "__VPCLMULQDQ__" : 1 (cached)
Compiler for C supports arguments -mpclmul: YES 
Compiler for C supports arguments -maes: YES 
Compiler for C supports arguments -mavx512f: YES (cached)
Compiler for C supports arguments -mavx512bw: YES 
Compiler for C supports arguments -mavx512dq: YES 
Compiler for C supports arguments -mavx512vl: YES 
Compiler for C supports arguments -mvpclmulqdq: YES 
Compiler for C supports arguments -mavx2: YES 
Compiler for C supports arguments -mavx: YES 
Message: lib/net: Defining dependency "net"
Message: lib/meter: Defining dependency "meter"
Message: lib/ethdev: Defining dependency "ethdev"
Message: lib/pci: Defining dependency "pci"
Message: lib/cmdline: Defining dependency "cmdline"
Message: lib/hash: Defining dependency "hash"
Message: lib/timer: Defining dependency "timer"
Message: lib/compressdev: Defining dependency "compressdev"
Message: lib/cryptodev: Defining dependency "cryptodev"
Compiler for C supports arguments -Wno-cast-qual: YES 
Message: lib/power: Defining dependency "power"
Message: lib/dmadev: Defining dependency "dmadev"
Message: lib/reorder: Defining dependency "reorder"
Message: lib/security: Defining dependency "security"
Has header "linux/userfaultfd.h" : YES 
Message: lib/vhost: Defining dependency "vhost"
Compiler for C supports arguments -Wno-format-truncation: YES (cached)
Message: drivers/bus/pci: Defining dependency "bus_pci"
Message: drivers/bus/vdev: Defining dependency "bus_vdev"
Message: drivers/mempool/ring: Defining dependency "mempool_ring"
Program doxygen found: YES (/bin/doxygen)
Configuring doxy-api.conf using configuration
Program sphinx-build found: NO
Configuring rte_build_config.h using configuration
Message: 
=================
Applications Enabled
=================

apps:


Message: 
=================
Libraries Enabled
=================

libs:
        kvargs, telemetry, eal, ring, rcu, mempool, mbuf, net, 
        meter, ethdev, pci, cmdline, hash, timer, compressdev, cryptodev, 
        power, dmadev, reorder, security, vhost, 

Message: 
===============
Drivers Enabled
===============

common:

bus:
        pci, vdev, 
mempool:
        ring, 
dma:

net:

raw:

crypto:

compress:

regex:

ml:

vdpa:

event:

baseband:

gpu:


Message: 
=================
Content Skipped
=================

apps:
        dumpcap:        explicitly disabled via build config
        pdump:  explicitly disabled via build config
        proc-info:      explicitly disabled via build config
        test-acl:       explicitly disabled via build config
        test-bbdev:     explicitly disabled via build config
        test-cmdline:   explicitly disabled via build config
        test-compress-perf:     explicitly disabled via build config
        test-crypto-perf:       explicitly disabled via build config
        test-eventdev:  explicitly disabled via build config
        test-fib:       explicitly disabled via build config
        test-flow-perf: explicitly disabled via build config
        test-gpudev:    explicitly disabled via build config
        test-mldev:     explicitly disabled via build config
        test-pipeline:  explicitly disabled via build config
        test-pmd:       explicitly disabled via build config
        test-regex:     explicitly disabled via build config
        test-sad:       explicitly disabled via build config
        test-security-perf:     explicitly disabled via build config

libs:
        metrics:        explicitly disabled via build config
        acl:    explicitly disabled via build config
        bbdev:  explicitly disabled via build config
        bitratestats:   explicitly disabled via build config
        bpf:    explicitly disabled via build config
        cfgfile:        explicitly disabled via build config
        distributor:    explicitly disabled via build config
        efd:    explicitly disabled via build config
        eventdev:       explicitly disabled via build config
        gpudev: explicitly disabled via build config
        gro:    explicitly disabled via build config
        gso:    explicitly disabled via build config
        ip_frag:        explicitly disabled via build config
        jobstats:       explicitly disabled via build config
        kni:    explicitly disabled via build config (deprecated lib)
        latencystats:   explicitly disabled via build config
        lpm:    explicitly disabled via build config
        member: explicitly disabled via build config
        pcapng: explicitly disabled via build config
        rawdev: explicitly disabled via build config
        regexdev:       explicitly disabled via build config
        mldev:  explicitly disabled via build config
        rib:    explicitly disabled via build config
        sched:  explicitly disabled via build config
        stack:  explicitly disabled via build config
        ipsec:  explicitly disabled via build config
        fib:    explicitly disabled via build config
        port:   explicitly disabled via build config
        pdump:  explicitly disabled via build config
        table:  explicitly disabled via build config
        pipeline:       explicitly disabled via build config
        flow_classify:  explicitly disabled via build config (deprecated lib)
        graph:  explicitly disabled via build config
        node:   explicitly disabled via build config

drivers:
        common/cpt:     not in enabled drivers build config
        common/dpaax:   not in enabled drivers build config
        common/iavf:    not in enabled drivers build config
        common/idpf:    not in enabled drivers build config
        common/mvep:    not in enabled drivers build config
        common/octeontx:        not in enabled drivers build config
        bus/auxiliary:  not in enabled drivers build config
        bus/dpaa:       not in enabled drivers build config
        bus/fslmc:      not in enabled drivers build config
        bus/ifpga:      not in enabled drivers build config
        bus/platform:   not in enabled drivers build config
        bus/vmbus:      not in enabled drivers build config
        common/cnxk:    not in enabled drivers build config
        common/mlx5:    not in enabled drivers build config
        common/qat:     not in enabled drivers build config
        common/sfc_efx: not in enabled drivers build config
        mempool/bucket: not in enabled drivers build config
        mempool/cnxk:   not in enabled drivers build config
        mempool/dpaa:   not in enabled drivers build config
        mempool/dpaa2:  not in enabled drivers build config
        mempool/octeontx:       not in enabled drivers build config
        mempool/stack:  not in enabled drivers build config
        dma/cnxk:       not in enabled drivers build config
        dma/dpaa:       not in enabled drivers build config
        dma/dpaa2:      not in enabled drivers build config
        dma/hisilicon:  not in enabled drivers build config
        dma/idxd:       not in enabled drivers build config
        dma/ioat:       not in enabled drivers build config
        dma/skeleton:   not in enabled drivers build config
        net/af_packet:  not in enabled drivers build config
        net/af_xdp:     not in enabled drivers build config
        net/ark:        not in enabled drivers build config
        net/atlantic:   not in enabled drivers build config
        net/avp:        not in enabled drivers build config
        net/axgbe:      not in enabled drivers build config
        net/bnx2x:      not in enabled drivers build config
        net/bnxt:       not in enabled drivers build config
        net/bonding:    not in enabled drivers build config
        net/cnxk:       not in enabled drivers build config
        net/cpfl:       not in enabled drivers build config
        net/cxgbe:      not in enabled drivers build config
        net/dpaa:       not in enabled drivers build config
        net/dpaa2:      not in enabled drivers build config
        net/e1000:      not in enabled drivers build config
        net/ena:        not in enabled drivers build config
        net/enetc:      not in enabled drivers build config
        net/enetfec:    not in enabled drivers build config
        net/enic:       not in enabled drivers build config
        net/failsafe:   not in enabled drivers build config
        net/fm10k:      not in enabled drivers build config
        net/gve:        not in enabled drivers build config
        net/hinic:      not in enabled drivers build config
        net/hns3:       not in enabled drivers build config
        net/i40e:       not in enabled drivers build config
        net/iavf:       not in enabled drivers build config
        net/ice:        not in enabled drivers build config
        net/idpf:       not in enabled drivers build config
        net/igc:        not in enabled drivers build config
        net/ionic:      not in enabled drivers build config
        net/ipn3ke:     not in enabled drivers build config
        net/ixgbe:      not in enabled drivers build config
        net/kni:        not in enabled drivers build config
        net/liquidio:   not in enabled drivers build config
        net/mana:       not in enabled drivers build config
        net/memif:      not in enabled drivers build config
        net/mlx4:       not in enabled drivers build config
        net/mlx5:       not in enabled drivers build config
        net/mvneta:     not in enabled drivers build config
        net/mvpp2:      not in enabled drivers build config
        net/netvsc:     not in enabled drivers build config
        net/nfb:        not in enabled drivers build config
        net/nfp:        not in enabled drivers build config
        net/ngbe:       not in enabled drivers build config
        net/null:       not in enabled drivers build config
        net/octeontx:   not in enabled drivers build config
        net/octeon_ep:  not in enabled drivers build config
        net/pcap:       not in enabled drivers build config
        net/pfe:        not in enabled drivers build config
        net/qede:       not in enabled drivers build config
        net/ring:       not in enabled drivers build config
        net/sfc:        not in enabled drivers build config
        net/softnic:    not in enabled drivers build config
        net/tap:        not in enabled drivers build config
        net/thunderx:   not in enabled drivers build config
        net/txgbe:      not in enabled drivers build config
        net/vdev_netvsc:        not in enabled drivers build config
        net/vhost:      not in enabled drivers build config
        net/virtio:     not in enabled drivers build config
        net/vmxnet3:    not in enabled drivers build config
        raw/cnxk_bphy:  not in enabled drivers build config
        raw/cnxk_gpio:  not in enabled drivers build config
        raw/dpaa2_cmdif:        not in enabled drivers build config
        raw/ifpga:      not in enabled drivers build config
        raw/ntb:        not in enabled drivers build config
        raw/skeleton:   not in enabled drivers build config
        crypto/armv8:   not in enabled drivers build config
        crypto/bcmfs:   not in enabled drivers build config
        crypto/caam_jr: not in enabled drivers build config
        crypto/ccp:     not in enabled drivers build config
        crypto/cnxk:    not in enabled drivers build config
        crypto/dpaa_sec:        not in enabled drivers build config
        crypto/dpaa2_sec:       not in enabled drivers build config
        crypto/ipsec_mb:        not in enabled drivers build config
        crypto/mlx5:    not in enabled drivers build config
        crypto/mvsam:   not in enabled drivers build config
        crypto/nitrox:  not in enabled drivers build config
        crypto/null:    not in enabled drivers build config
        crypto/octeontx:        not in enabled drivers build config
        crypto/openssl: not in enabled drivers build config
        crypto/scheduler:       not in enabled drivers build config
        crypto/uadk:    not in enabled drivers build config
        crypto/virtio:  not in enabled drivers build config
        compress/isal:  not in enabled drivers build config
        compress/mlx5:  not in enabled drivers build config
        compress/octeontx:      not in enabled drivers build config
        compress/zlib:  not in enabled drivers build config
        regex/mlx5:     not in enabled drivers build config
        regex/cn9k:     not in enabled drivers build config
        ml/cnxk:        not in enabled drivers build config
        vdpa/ifc:       not in enabled drivers build config
        vdpa/mlx5:      not in enabled drivers build config
        vdpa/sfc:       not in enabled drivers build config
        event/cnxk:     not in enabled drivers build config
        event/dlb2:     not in enabled drivers build config
        event/dpaa:     not in enabled drivers build config
        event/dpaa2:    not in enabled drivers build config
        event/dsw:      not in enabled drivers build config
        event/opdl:     not in enabled drivers build config
        event/skeleton: not in enabled drivers build config
        event/sw:       not in enabled drivers build config
        event/octeontx: not in enabled drivers build config
        baseband/acc:   not in enabled drivers build config
        baseband/fpga_5gnr_fec: not in enabled drivers build config
        baseband/fpga_lte_fec:  not in enabled drivers build config
        baseband/la12xx:        not in enabled drivers build config
        baseband/null:  not in enabled drivers build config
        baseband/turbo_sw:      not in enabled drivers build config
        gpu/cuda:       not in enabled drivers build config


Build targets in project: 80

DPDK 23.03.0

  User defined options
    libdir             : lib
    prefix             : /home/xb/project/spdk/spdk/dpdk/build
    b_lto              : true
    c_args             :  -fPIC -Werror 
    c_link_args        : 
    cpu_instruction_set: native
    disable_apps       : dumpcap,pdump,proc-info,test-acl,test-bbdev,test-cmdline,test-compress-perf,test-crypto-perf,test-eventdev,test-fib,test-flow-perf,test-gpudev,test-mldev,test-pipeline,test-pmd,test-regex,test-sad,test-security-perf,test
    disable_libs       : acl,bbdev,bitratestats,bpf,cfgfile,distributor,efd,eventdev,fib,flow_classify,gpudev,graph,gro,gso,ip_frag,ipsec,jobstats,kni,latencystats,lpm,member,metrics,mldev,node,pcapng,pdump,pipeline,port,rawdev,regexdev,rib,sched,stack,table
    enable_docs        : false
    enable_drivers     : bus,bus/pci,bus/vdev,mempool/ring
    enable_kmods       : false
    tests              : false

Found ninja-1.11.1.git.kitware.jobserver-1 at /usr/local/bin/ninja
NOTICE: You are using Python 3.6 which is EOL. Starting with v0.62.0, Meson will require Python 3.7 or newer
ninja: Entering directory `/home/xb/project/spdk/spdk/dpdk/build-tmp'
[104/257] Compiling C object lib/librte_net.a.p/net_net_crc_avx512.c.o
FAILED: lib/librte_net.a.p/net_net_crc_avx512.c.o 
cc -Ilib/librte_net.a.p -Ilib -I../lib -Ilib/net -I../lib/net -I. -I.. -Iconfig -I../config -Ilib/eal/include -I../lib/eal/include -Ilib/eal/linux/include -I../lib/eal/linux/include -Ilib/eal/x86/include -I../lib/eal/x86/include -Ilib/eal/common -I../lib/eal/common -Ilib/eal -I../lib/eal -Ilib/kvargs -I../lib/kvargs -I../lib/metrics -Ilib/telemetry -I../lib/telemetry -Ilib/mbuf -I../lib/mbuf -Ilib/mempool -I../lib/mempool -Ilib/ring -I../lib/ring -flto=64 -fdiagnostics-color=always -D_FILE_OFFSET_BITS=64 -Wall -Winvalid-pch -Wextra -O3 -include rte_config.h -Wcast-qual -Wdeprecated -Wformat -Wmissing-declarations -Wmissing-prototypes -Wnested-externs -Wold-style-definition -Wpointer-arith -Wsign-compare -Wstrict-prototypes -Wundef -Wwrite-strings -Wno-packed-not-aligned -Wno-missing-field-initializers -D_GNU_SOURCE -ffat-lto-objects -fPIC -Werror -fPIC -march=native -DALLOW_EXPERIMENTAL_API -DALLOW_INTERNAL_API -Wno-format-truncation -DCC_X86_64_SSE42_PCLMULQDQ_SUPPORT -DCC_X86_64_AVX512_VPCLMULQDQ_SUPPORT -DRTE_LOG_DEFAULT_LOGTYPE=lib.net -MD -MQ lib/librte_net.a.p/net_net_crc_avx512.c.o -MF lib/librte_net.a.p/net_net_crc_avx512.c.o.d -o lib/librte_net.a.p/net_net_crc_avx512.c.o -c ../lib/net/net_crc_avx512.c
/tmp/ccWXsuF3.s: Assembler messages:
/tmp/ccWXsuF3.s:966: Error: operand type mismatch for `vpclmulqdq'
/tmp/ccWXsuF3.s:968: Error: operand type mismatch for `vpclmulqdq'
/tmp/ccWXsuF3.s:972: Error: operand type mismatch for `vpclmulqdq'
/tmp/ccWXsuF3.s:973: Error: operand type mismatch for `vpclmulqdq'
/tmp/ccWXsuF3.s:977: Error: operand type mismatch for `vpclmulqdq'
/tmp/ccWXsuF3.s:978: Error: operand type mismatch for `vpclmulqdq'
/tmp/ccWXsuF3.s:982: Error: operand type mismatch for `vpclmulqdq'
/tmp/ccWXsuF3.s:983: Error: operand type mismatch for `vpclmulqdq'
/tmp/ccWXsuF3.s:995: Error: operand type mismatch for `vpclmulqdq'
/tmp/ccWXsuF3.s:997: Error: operand type mismatch for `vpclmulqdq'
/tmp/ccWXsuF3.s:1000: Error: operand type mismatch for `vpclmulqdq'
/tmp/ccWXsuF3.s:1001: Error: operand type mismatch for `vpclmulqdq'
/tmp/ccWXsuF3.s:1002: Error: operand type mismatch for `vpclmulqdq'
/tmp/ccWXsuF3.s:1003: Error: operand type mismatch for `vpclmulqdq'
/tmp/ccWXsuF3.s:1005: Error: operand type mismatch for `vpclmulqdq'
/tmp/ccWXsuF3.s:1007: Error: operand type mismatch for `vpclmulqdq'
/tmp/ccWXsuF3.s:1289: Error: operand type mismatch for `vpclmulqdq'
/tmp/ccWXsuF3.s:1291: Error: operand type mismatch for `vpclmulqdq'
/tmp/ccWXsuF3.s:1295: Error: operand type mismatch for `vpclmulqdq'
/tmp/ccWXsuF3.s:1296: Error: operand type mismatch for `vpclmulqdq'
/tmp/ccWXsuF3.s:1300: Error: operand type mismatch for `vpclmulqdq'
/tmp/ccWXsuF3.s:1301: Error: operand type mismatch for `vpclmulqdq'
/tmp/ccWXsuF3.s:1305: Error: operand type mismatch for `vpclmulqdq'
/tmp/ccWXsuF3.s:1306: Error: operand type mismatch for `vpclmulqdq'
/tmp/ccWXsuF3.s:1318: Error: operand type mismatch for `vpclmulqdq'
/tmp/ccWXsuF3.s:1320: Error: operand type mismatch for `vpclmulqdq'
/tmp/ccWXsuF3.s:1323: Error: operand type mismatch for `vpclmulqdq'
/tmp/ccWXsuF3.s:1324: Error: operand type mismatch for `vpclmulqdq'
/tmp/ccWXsuF3.s:1325: Error: operand type mismatch for `vpclmulqdq'
/tmp/ccWXsuF3.s:1326: Error: operand type mismatch for `vpclmulqdq'
/tmp/ccWXsuF3.s:1328: Error: operand type mismatch for `vpclmulqdq'
/tmp/ccWXsuF3.s:1330: Error: operand type mismatch for `vpclmulqdq'
[152/257] Compiling C object lib/librte_hash.a.p/hash_rte_thash.c.o
FAILED: lib/librte_hash.a.p/hash_rte_thash.c.o 
cc -Ilib/librte_hash.a.p -Ilib -I../lib -Ilib/hash -I../lib/hash -I. -I.. -Iconfig -I../config -Ilib/eal/include -I../lib/eal/include -Ilib/eal/linux/include -I../lib/eal/linux/include -Ilib/eal/x86/include -I../lib/eal/x86/include -Ilib/eal/common -I../lib/eal/common -Ilib/eal -I../lib/eal -Ilib/kvargs -I../lib/kvargs -I../lib/metrics -Ilib/telemetry -I../lib/telemetry -Ilib/net -I../lib/net -Ilib/mbuf -I../lib/mbuf -Ilib/mempool -I../lib/mempool -Ilib/ring -I../lib/ring -Ilib/rcu -I../lib/rcu -flto=64 -fdiagnostics-color=always -D_FILE_OFFSET_BITS=64 -Wall -Winvalid-pch -Wextra -O3 -include rte_config.h -Wcast-qual -Wdeprecated -Wformat -Wmissing-declarations -Wmissing-prototypes -Wnested-externs -Wold-style-definition -Wpointer-arith -Wsign-compare -Wstrict-prototypes -Wundef -Wwrite-strings -Wno-packed-not-aligned -Wno-missing-field-initializers -D_GNU_SOURCE -ffat-lto-objects -fPIC -Werror -fPIC -march=native -DALLOW_EXPERIMENTAL_API -DALLOW_INTERNAL_API -Wno-format-truncation -DRTE_LOG_DEFAULT_LOGTYPE=lib.hash -MD -MQ lib/librte_hash.a.p/hash_rte_thash.c.o -MF lib/librte_hash.a.p/hash_rte_thash.c.o.d -o lib/librte_hash.a.p/hash_rte_thash.c.o -c ../lib/hash/rte_thash.c
/tmp/ccZQzdFf.s: Assembler messages:
/tmp/ccZQzdFf.s:4411: Error: no such instruction: `vgf2p8affineqb $0,(%rdx),%zmm1,%zmm4'
/tmp/ccZQzdFf.s:4413: Error: no such instruction: `vgf2p8affineqb $0,64(%rdx),%zmm1,%zmm2'
/tmp/ccZQzdFf.s:4424: Error: no such instruction: `vgf2p8affineqb $0,(%rdi),%zmm1,%zmm2'
/tmp/ccZQzdFf.s:4433: Error: no such instruction: `vgf2p8affineqb $0,64(%rdi),%zmm1,%zmm0'
/tmp/ccZQzdFf.s:4443: Error: no such instruction: `vgf2p8affineqb $0,128(%rdi),%zmm1,%zmm0'
/tmp/ccZQzdFf.s:4453: Error: no such instruction: `vgf2p8affineqb $0,192(%rdi),%zmm1,%zmm0'
/tmp/ccZQzdFf.s:4463: Error: no such instruction: `vgf2p8affineqb $0,256(%rdi),%zmm1,%zmm0'
/tmp/ccZQzdFf.s:4474: Error: no such instruction: `vgf2p8affineqb $0,320(%rdi),%zmm1,%zmm1'
/tmp/ccZQzdFf.s:4506: Error: no such instruction: `vgf2p8affineqb $0,(%rdx),%zmm2,%zmm1'
/tmp/ccZQzdFf.s:4518: Error: no such instruction: `vgf2p8affineqb $0,-64(%rdx),%zmm2,%zmm2'
/tmp/ccZQzdFf.s:4547: Error: no such instruction: `vgf2p8affineqb $0,%zmm2,%zmm1,%zmm2'
[169/257] Compiling C object lib/librte_vhost.a.p/vhost_virtio_net.c.o
ninja: build stopped: subcommand failed.
make[1]: *** [all] Error 1
make: *** [dpdkbuild] Error 2

